[18Jan2025 00:00:09.499] [Server thread/WARN] [net.minecraft.server.MinecraftServer/]: Can't keep up! Is the server overloaded? Running 4553ms or 91 ticks behind
[18Jan2025 00:00:28.399] [Server thread/WARN] [net.minecraft.server.MinecraftServer/]: Can't keep up! Is the server overloaded? Running 3902ms or 78 ticks behind
[18Jan2025 00:00:47.025] [Server thread/WARN] [net.minecraft.server.MinecraftServer/]: Can't keep up! Is the server overloaded? Running 3629ms or 72 ticks behind
[18Jan2025 00:01:09.477] [Server thread/WARN] [net.minecraft.server.MinecraftServer/]: Can't keep up! Is the server overloaded? Running 7481ms or 149 ticks behind
[18Jan2025 00:01:10.508] [Server thread/WARN] [net.minecraft.server.level.ServerPlayerGameMode/]: Mismatch in destroy block pos: BlockPos{x=287, y=15, z=51} BlockPos{x=287, y=14, z=50}
[18Jan2025 00:01:10.510] [Server thread/WARN] [net.minecraft.server.level.ServerPlayerGameMode/]: Mismatch in destroy block pos: BlockPos{x=287, y=15, z=51} BlockPos{x=287, y=14, z=50}
[18Jan2025 00:01:11.760] [Server thread/WARN] [net.minecraft.server.level.ServerPlayerGameMode/]: Mismatch in destroy block pos: BlockPos{x=287, y=15, z=51} BlockPos{x=282, y=15, z=51}
[18Jan2025 00:01:12.690] [Server thread/WARN] [net.minecraft.server.level.ServerPlayerGameMode/]: Mismatch in destroy block pos: BlockPos{x=279, y=14, z=51} BlockPos{x=279, y=14, z=50}
[18Jan2025 00:01:12.759] [Server thread/WARN] [net.minecraft.server.level.ServerPlayerGameMode/]: Mismatch in destroy block pos: BlockPos{x=279, y=14, z=51} BlockPos{x=279, y=14, z=50}
[18Jan2025 00:01:12.762] [Server thread/WARN] [net.minecraft.server.level.ServerPlayerGameMode/]: Mismatch in destroy block pos: BlockPos{x=279, y=14, z=51} BlockPos{x=279, y=14, z=50}
[18Jan2025 00:01:12.831] [Server thread/WARN] [net.minecraft.server.level.ServerPlayerGameMode/]: Mismatch in destroy block pos: BlockPos{x=279, y=14, z=51} BlockPos{x=279, y=14, z=50}
[18Jan2025 00:01:12.901] [Server thread/WARN] [net.minecraft.server.level.ServerPlayerGameMode/]: Mismatch in destroy block pos: BlockPos{x=280, y=15, z=48} BlockPos{x=279, y=14, z=50}
[18Jan2025 00:01:13.041] [Server thread/WARN] [net.minecraft.server.level.ServerPlayerGameMode/]: Mismatch in destroy block pos: BlockPos{x=279, y=14, z=49} BlockPos{x=279, y=15, z=48}
[18Jan2025 00:01:31.676] [Server thread/WARN] [net.minecraft.server.MinecraftServer/]: Can't keep up! Is the server overloaded? Running 7230ms or 144 ticks behind
[18Jan2025 00:01:51.937] [Server thread/INFO] [net.minecraft.server.MinecraftServer/]: [Liraanto: Teleported Liraanto to -1368.500000, 73.500000, 640.500000]
[18Jan2025 00:01:54.143] [Server thread/WARN] [net.minecraft.server.MinecraftServer/]: Can't keep up! Is the server overloaded? Running 7497ms or 149 ticks behind
[18Jan2025 00:02:18.112] [Server thread/WARN] [net.minecraft.server.MinecraftServer/]: Can't keep up! Is the server overloaded? Running 9016ms or 180 ticks behind
[18Jan2025 00:02:40.171] [Server thread/INFO] [net.minecraft.server.MinecraftServer/]: Eguaro has made the advancement [The Dust Settles]
[18Jan2025 00:02:43.093] [Server thread/WARN] [net.minecraft.server.MinecraftServer/]: Can't keep up! Is the server overloaded? Running 9996ms or 199 ticks behind
[18Jan2025 00:03:07.563] [Server thread/WARN] [net.minecraft.server.MinecraftServer/]: Can't keep up! Is the server overloaded? Running 9517ms or 190 ticks behind
[18Jan2025 00:03:22.322] [Server thread/WARN] [net.minecraft.server.level.ServerPlayerGameMode/]: Mismatch in destroy block pos: BlockPos{x=268, y=17, z=119} BlockPos{x=267, y=16, z=119}
[18Jan2025 00:03:22.402] [Server thread/WARN] [net.minecraft.server.level.ServerPlayerGameMode/]: Mismatch in destroy block pos: BlockPos{x=268, y=17, z=119} BlockPos{x=267, y=16, z=119}
[18Jan2025 00:03:26.319] [Server thread/INFO] [net.minecraft.server.MinecraftServer/]: [Eguaro: Teleported Eguaro to 363.500000, 7.500000, 218.500000]
[18Jan2025 00:03:26.715] [Server thread/WARN] [net.minecraft.server.level.ServerPlayerGameMode/]: Mismatch in destroy block pos: BlockPos{x=270, y=16, z=118} BlockPos{x=267, y=15, z=115}
[18Jan2025 00:03:29.555] [Server thread/WARN] [net.minecraft.server.level.ServerPlayerGameMode/]: Mismatch in destroy block pos: BlockPos{x=270, y=15, z=117} BlockPos{x=271, y=14, z=116}
[18Jan2025 00:03:30.227] [Server thread/WARN] [net.minecraft.server.level.ServerPlayerGameMode/]: Mismatch in destroy block pos: BlockPos{x=268, y=15, z=116} BlockPos{x=268, y=14, z=115}
[18Jan2025 00:03:32.394] [Server thread/WARN] [net.minecraft.server.level.ServerPlayerGameMode/]: Mismatch in destroy block pos: BlockPos{x=265, y=15, z=115} BlockPos{x=266, y=14, z=115}
[18Jan2025 00:03:33.474] [Server thread/WARN] [net.minecraft.server.MinecraftServer/]: Can't keep up! Is the server overloaded? Running 10928ms or 218 ticks behind
[18Jan2025 00:03:36.408] [Server thread/WARN] [net.minecraft.server.level.ServerPlayerGameMode/]: Mismatch in destroy block pos: BlockPos{x=270, y=14, z=117} BlockPos{x=271, y=12, z=117}
[18Jan2025 00:03:53.097] [Server thread/WARN] [net.minecraft.server.level.ServerPlayerGameMode/]: Mismatch in destroy block pos: BlockPos{x=269, y=12, z=116} BlockPos{x=271, y=12, z=114}
[18Jan2025 00:03:53.102] [Server thread/WARN] [net.minecraft.server.level.ServerPlayerGameMode/]: Mismatch in destroy block pos: BlockPos{x=269, y=12, z=116} BlockPos{x=271, y=12, z=114}
[18Jan2025 00:03:53.202] [Server thread/WARN] [net.minecraft.server.level.ServerPlayerGameMode/]: Mismatch in destroy block pos: BlockPos{x=268, y=12, z=116} BlockPos{x=271, y=12, z=114}
[18Jan2025 00:03:53.206] [Server thread/WARN] [net.minecraft.server.level.ServerPlayerGameMode/]: Mismatch in destroy block pos: BlockPos{x=268, y=12, z=116} BlockPos{x=271, y=12, z=114}
[18Jan2025 00:03:59.307] [Server thread/WARN] [net.minecraft.server.MinecraftServer/]: Can't keep up! Is the server overloaded? Running 10861ms or 217 ticks behind
[18Jan2025 00:04:25.560] [Server thread/WARN] [net.minecraft.server.level.ServerPlayerGameMode/]: Mismatch in destroy block pos: BlockPos{x=257, y=17, z=107} BlockPos{x=257, y=16, z=108}
[18Jan2025 00:04:26.746] [Server thread/WARN] [net.minecraft.server.MinecraftServer/]: Can't keep up! Is the server overloaded? Running 12449ms or 248 ticks behind
